2022-12-08 09:12:45.607  INFO 3156 --- [restartedMain] c.l.a.AssignmentfiveApplication          : Starting AssignmentfiveApplication using Java 1.8.0_202 on DESKTOP-6ON1P72 with PID 3156 (D:\STS\afive\assignmentfive\assignmentfive\target\classes started by User in D:\STS\afive\assignmentfive\assignmentfive)
2022-12-08 09:12:45.608  INFO 3156 --- [restartedMain] c.l.a.AssignmentfiveApplication          : No active profile set, falling back to 1 default profile: "default"
2022-12-08 09:12:45.628  INFO 3156 --- [restartedMain] .e.DevToolsPropertyDefaultsPostProcessor : Devtools property defaults active! Set 'spring.devtools.add-properties' to 'false' to disable
2022-12-08 09:12:45.633  INFO 3156 --- [restartedMain] .e.DevToolsPropertyDefaultsPostProcessor : For additional web related logging consider setting the 'logging.level.web' property to 'DEBUG'
2022-12-08 09:12:45.959  INFO 3156 --- [restartedMain] .s.d.r.c.RepositoryConfigurationDelegate : Bootstrapping Spring Data JPA repositories in DEFAULT mode.
2022-12-08 09:12:45.990  INFO 3156 --- [restartedMain] .s.d.r.c.RepositoryConfigurationDelegate : Finished Spring Data repository scanning in 26 ms. Found 3 JPA repository interfaces.
2022-12-08 09:12:46.271  INFO 3156 --- [restartedMain] o.s.b.w.embedded.tomcat.TomcatWebServer  : Tomcat initialized with port(s): 8080 (http)
2022-12-08 09:12:46.276  INFO 3156 --- [restartedMain] o.apache.catalina.core.StandardService   : Starting service [Tomcat]
2022-12-08 09:12:46.276  INFO 3156 --- [restartedMain] org.apache.catalina.core.StandardEngine  : Starting Servlet engine: [Apache Tomcat/9.0.69]
2022-12-08 09:12:46.387  INFO 3156 --- [restartedMain] org.apache.jasper.servlet.TldScanner     : At least one JAR was scanned for TLDs yet contained no TLDs. Enable debug logging for this logger for a complete list of JARs that were scanned but no TLDs were found in them. Skipping unneeded JARs during scanning can improve startup time and JSP compilation time.
2022-12-08 09:12:46.390  INFO 3156 --- [restartedMain] o.a.c.c.C.[Tomcat].[localhost].[/]       : Initializing Spring embedded WebApplicationContext
2022-12-08 09:12:46.390  INFO 3156 --- [restartedMain] w.s.c.ServletWebServerApplicationContext : Root WebApplicationContext: initialization completed in 756 ms
2022-12-08 09:12:46.481  INFO 3156 --- [restartedMain] o.hibernate.jpa.internal.util.LogHelper  : HHH000204: Processing PersistenceUnitInfo [name: default]
2022-12-08 09:12:46.499  INFO 3156 --- [restartedMain] org.hibernate.Version                    : HHH000412: Hibernate ORM core version 5.6.14.Final
2022-12-08 09:12:46.601  INFO 3156 --- [restartedMain] o.hibernate.annotations.common.Version   : HCANN000001: Hibernate Commons Annotations {5.1.2.Final}
2022-12-08 09:12:46.639  INFO 3156 --- [restartedMain] com.zaxxer.hikari.HikariDataSource       : HikariPool-1 - Starting...
2022-12-08 09:12:46.826  INFO 3156 --- [restartedMain] com.zaxxer.hikari.HikariDataSource       : HikariPool-1 - Start completed.
2022-12-08 09:12:46.832  INFO 3156 --- [restartedMain] org.hibernate.dialect.Dialect            : HHH000400: Using dialect: org.hibernate.dialect.MySQL8Dialect
2022-12-08 09:12:47.116  INFO 3156 --- [restartedMain] o.h.e.t.j.p.i.JtaPlatformInitiator       : HHH000490: Using JtaPlatform implementation: [org.hibernate.engine.transaction.jta.platform.internal.NoJtaPlatform]
2022-12-08 09:12:47.120  INFO 3156 --- [restartedMain] j.LocalContainerEntityManagerFactoryBean : Initialized JPA EntityManagerFactory for persistence unit 'default'
2022-12-08 09:12:47.351  INFO 3156 --- [restartedMain] o.s.s.web.DefaultSecurityFilterChain     : Will secure any request with [org.springframework.security.web.session.DisableEncodeUrlFilter@b837761, org.springframework.security.web.context.request.async.WebAsyncManagerIntegrationFilter@4e83e357, org.springframework.security.web.context.SecurityContextPersistenceFilter@72b44c6f, org.springframework.security.web.header.HeaderWriterFilter@4de2e722, org.springframework.security.web.csrf.CsrfFilter@54cfbaa1, org.springframework.security.web.authentication.logout.LogoutFilter@160f4855, org.springframework.security.web.authentication.UsernamePasswordAuthenticationFilter@4e416096, org.springframework.security.web.savedrequest.RequestCacheAwareFilter@67deb5b5, org.springframework.security.web.servletapi.SecurityContextHolderAwareRequestFilter@34c25b34, org.springframework.security.web.authentication.AnonymousAuthenticationFilter@1831a841, org.springframework.security.web.session.SessionManagementFilter@66904561, org.springframework.security.web.access.ExceptionTranslationFilter@549b64f4, org.springframework.security.web.access.intercept.FilterSecurityInterceptor@509d5737]
2022-12-08 09:12:47.377  WARN 3156 --- [restartedMain] JpaBaseConfiguration$JpaWebConfiguration : spring.jpa.open-in-view is enabled by default. Therefore, database queries may be performed during view rendering. Explicitly configure spring.jpa.open-in-view to disable this warning
2022-12-08 09:12:47.545  INFO 3156 --- [restartedMain] o.s.b.d.a.OptionalLiveReloadServer       : LiveReload server is running on port 35729
2022-12-08 09:12:47.566  INFO 3156 --- [restartedMain] o.s.b.w.embedded.tomcat.TomcatWebServer  : Tomcat started on port(s): 8080 (http) with context path ''
2022-12-08 09:12:47.669  INFO 3156 --- [restartedMain] c.l.a.AssignmentfiveApplication          : Started AssignmentfiveApplication in 2.232 seconds (JVM running for 2.569)
2022-12-08 09:13:03.640  INFO 3156 --- [http-nio-8080-exec-1] o.a.c.c.C.[Tomcat].[localhost].[/]       : Initializing Spring DispatcherServlet 'dispatcherServlet'
2022-12-08 09:13:03.640  INFO 3156 --- [http-nio-8080-exec-1] o.s.web.servlet.DispatcherServlet        : Initializing Servlet 'dispatcherServlet'
2022-12-08 09:13:03.641  INFO 3156 --- [http-nio-8080-exec-1] o.s.web.servlet.DispatcherServlet        : Completed initialization in 1 ms
2022-12-08 09:13:17.389  INFO 3156 --- [RMI TCP Connection(2)-127.0.0.1] inMXBeanRegistrar$SpringApplicationAdmin : Application shutdown requested.
2022-12-08 09:13:17.424  INFO 3156 --- [RMI TCP Connection(2)-127.0.0.1] o.apache.catalina.core.StandardService   : Stopping service [Tomcat]
2022-12-08 09:13:17.426  INFO 3156 --- [RMI TCP Connection(2)-127.0.0.1] o.a.c.c.C.[Tomcat].[localhost].[/]       : Destroying Spring FrameworkServlet 'dispatcherServlet'
2022-12-08 09:13:17.434  INFO 3156 --- [RMI TCP Connection(2)-127.0.0.1] j.LocalContainerEntityManagerFactoryBean : Closing JPA EntityManagerFactory for persistence unit 'default'
2022-12-08 09:13:17.436  INFO 3156 --- [RMI TCP Connection(2)-127.0.0.1] com.zaxxer.hikari.HikariDataSource       : HikariPool-1 - Shutdown initiated...
2022-12-08 09:13:17.438  INFO 3156 --- [RMI TCP Connection(2)-127.0.0.1] com.zaxxer.hikari.HikariDataSource       : HikariPool-1 - Shutdown completed.
